<?xml version="1.0" encoding="UTF-8"?>
<!-- Generated by org.testng.reporters.JUnitXMLReporter -->
<testsuite hostname="computer8" ignored="0" name="Default test" tests="4" failures="0" timestamp="2020-10-15T10:15:22 IST" time="1.938" errors="0">
  <testcase name="registrationData" time="0.01" classname="dataproviderWithHashMap.HashMapDataExtractor"/>
  <testcase name="registrationData" time="0.001" classname="dataproviderWithHashMap.HashMapDataExtractor"/>
  <testcase name="registrationData" time="0.002" classname="dataproviderWithHashMap.HashMapDataExtractor"/>
  <testcase name="registrationData" time="0.003" classname="dataproviderWithHashMap.HashMapDataExtractor"/>
</testsuite> <!-- Default test -->
