<?xml version="1.0" encoding="UTF-8"?>
<!-- Generated by org.testng.reporters.JUnitXMLReporter -->
<testsuite hostname="computer8" ignored="0" name="Default test" tests="5" failures="0" timestamp="2020-10-13T10:28:27 IST" time="65.386" errors="0">
  <testcase name="checkCoursesLink" time="2.015" classname="weblinks.RSA_CoursesLinks"/>
  <testcase name="checkCoursesLink" time="2.36" classname="weblinks.RSA_CoursesLinks"/>
  <testcase name="checkCoursesLink" time="2.153" classname="weblinks.RSA_CoursesLinks"/>
  <testcase name="checkCoursesLink" time="2.547" classname="weblinks.RSA_CoursesLinks"/>
  <testcase name="checkCoursesLink" time="2.5" classname="weblinks.RSA_CoursesLinks"/>
</testsuite> <!-- Default test -->
