<?xml version="1.0" encoding="UTF-8"?>
<testng-results skipped="0" failed="0" ignored="0" total="4" passed="4">
  <reporter-output>
  </reporter-output>
  <suite name="Default suite" duration-ms="1938" started-at="2020-10-15T10:15:20 IST" finished-at="2020-10-15T10:15:22 IST">
    <groups>
    </groups>
    <test name="Default test" duration-ms="1938" started-at="2020-10-15T10:15:20 IST" finished-at="2020-10-15T10:15:22 IST">
      <class name="dataproviderWithHashMap.HashMapDataExtractor">
        <test-method status="PASS" signature="registrationData(java.util.Map)[pri:0, instance:dataproviderWithHashMap.HashMapDataExtractor@1f554b06]" name="registrationData" duration-ms="10" started-at="2020-10-15T10:15:22 IST" data-provider="getDataFromExcel" finished-at="2020-10-15T10:15:22 IST">
          <params>
            <param index="0">
              <value>
                <![CDATA[{Firstname=Joshua, Email=joshua1982@gmail.com, Sex=Male, Lastname=King, Country=United Kingdom, Age=39, Password=king1992}]]>
              </value>
            </param>
          </params>
          <reporter-output>
          </reporter-output>
        </test-method> <!-- registrationData -->
        <test-method status="PASS" signature="registrationData(java.util.Map)[pri:0, instance:dataproviderWithHashMap.HashMapDataExtractor@1f554b06]" name="registrationData" duration-ms="1" started-at="2020-10-15T10:15:22 IST" data-provider="getDataFromExcel" finished-at="2020-10-15T10:15:22 IST">
          <params>
            <param index="0">
              <value>
                <![CDATA[{Firstname=Raquel, Email=raquelm@gmail.com, Sex=Female, Lastname=Murrilo, Country=Spain, Age=35, Password=spanishraquel999}]]>
              </value>
            </param>
          </params>
          <reporter-output>
          </reporter-output>
        </test-method> <!-- registrationData -->
        <test-method status="PASS" signature="registrationData(java.util.Map)[pri:0, instance:dataproviderWithHashMap.HashMapDataExtractor@1f554b06]" name="registrationData" duration-ms="2" started-at="2020-10-15T10:15:22 IST" data-provider="getDataFromExcel" finished-at="2020-10-15T10:15:22 IST">
          <params>
            <param index="0">
              <value>
                <![CDATA[{Firstname=Sagar, Email=mr.chiranjivi@gmail.com, Sex=Male, Lastname=Chiranjivi, Country=India, Age=27, Password=rockstarsagar99}]]>
              </value>
            </param>
          </params>
          <reporter-output>
          </reporter-output>
        </test-method> <!-- registrationData -->
        <test-method status="PASS" signature="registrationData(java.util.Map)[pri:0, instance:dataproviderWithHashMap.HashMapDataExtractor@1f554b06]" name="registrationData" duration-ms="3" started-at="2020-10-15T10:15:22 IST" data-provider="getDataFromExcel" finished-at="2020-10-15T10:15:22 IST">
          <params>
            <param index="0">
              <value>
                <![CDATA[{Firstname=Lavita , Email=gomez1992@gmail.com, Sex=Female, Lastname=Gomez, Country=Brazil, Age=23, Password=gimox$111}]]>
              </value>
            </param>
          </params>
          <reporter-output>
          </reporter-output>
        </test-method> <!-- registrationData -->
      </class> <!-- dataproviderWithHashMap.HashMapDataExtractor -->
    </test> <!-- Default test -->
  </suite> <!-- Default suite -->
</testng-results>
